<?xml version="1.0" encoding="UTF-8"?>
<!-- Generated by org.testng.reporters.JUnitXMLReporter -->
<testsuite ignored="0" hostname="DESKTOP-B3UTCUD" failures="2" tests="2" name="Test" time="78.318" errors="0" timestamp="2024-08-10T14:46:13 IST">
  <testcase classname="coverFoxTestPackage.TestExecutionUsingTestNg1" name="validateBanners" time="0.061">
    <failure type="java.lang.AssertionError" message="null">
      <![CDATA[java.lang.AssertionError: null
at coverFoxTestPackage.TestExecutionUsingTestNg1.validateBanners(TestExecutionUsingTestNg1.java:72)
at java.base/java.util.ArrayList.forEach(ArrayList.java:1597)
... Removed 27 stack frames]]>
    </failure>
  </testcase> <!-- validateBanners -->
  <testcase classname="coverFoxTestPackage.TestExecutionUsingTestNg1" name="validateSortFilter" time="1.664">
    <failure type="java.lang.AssertionError" message=" sort filter is not displayed , tc fails expected [true] but found [false]">
      <![CDATA[java.lang.AssertionError:  sort filter is not displayed , tc fails expected [true] but found [false]
at coverFoxTestPackage.TestExecutionUsingTestNg1.validateSortFilter(TestExecutionUsingTestNg1.java:84)
at java.base/java.util.ArrayList.forEach(ArrayList.java:1597)
... Removed 28 stack frames]]>
    </failure>
  </testcase> <!-- validateSortFilter -->
</testsuite> <!-- Test -->
