<!DOCTYPE html PUBLIC "-//W3C//DTD XHTML 1.1//EN" "https://www.w3.org/TR/xhtml11/DTD/xhtml11.dtd">
<html xmlns="https://www.w3.org/1999/xhtml">
<head>
<meta http-equiv="content-type" content="text/html; charset=UTF-8"/>
<title>TestNG Report</title>
<style type="text/css">table {margin-bottom:10px;border-collapse:collapse;empty-cells:show}th,td {border:1px solid #009;padding:.25em .5em}th {vertical-align:bottom}td {vertical-align:top}table a {font-weight:bold}.stripe td {background-color: #E6EBF9}.num {text-align:right}.passedodd td {background-color: #3F3}.passedeven td {background-color: #0A0}.skippedodd td {background-color: #DDD}.skippedeven td {background-color: #CCC}.failedodd td,.attn {background-color: #F33}.failedeven td,.stripe .attn {background-color: #D00}.stacktrace {white-space:pre;font-family:monospace}.totop {font-size:85%;text-align:center;border-bottom:2px solid #000}.invisible {display:none}</style>
</head>
<body>
<table>
<tr><th>Test</th><th># Passed</th><th># Skipped</th><th># Retried</th><th># Failed</th><th>Time (ms)</th><th>Included Groups</th><th>Excluded Groups</th></tr>
<tr><th colspan="8">Suite</th></tr>
<tr><td><a href="#t0">Test</a></td><td class="num">0</td><td class="num">0</td><td class="num">0</td><td class="num attn">2</td><td class="num">78,318</td><td></td><td></td></tr>
</table>
<table id='summary'><thead><tr><th>Class</th><th>Method</th><th>Start</th><th>Time (ms)</th></tr></thead><tbody><tr><th colspan="4">Suite</th></tr></tbody><tbody id="t0"><tr><th colspan="4">Test &#8212; failed</th></tr><tr class="failedeven"><td rowspan="2">coverFoxTestPackage.TestExecutionUsingTestNg1</td><td><a href="#m0">validateBanners</a></td><td rowspan="1">1723281358486</td><td rowspan="1">61</td></tr><tr class="failedeven"><td><a href="#m1">validateSortFilter</a></td><td rowspan="1">1723281359497</td><td rowspan="1">1664</td></tr></tbody>
</table>
<h2>Test</h2><h3 id="m0">coverFoxTestPackage.TestExecutionUsingTestNg1#validateBanners</h3><table class="result"><tr><th>Messages</th></tr><tr><td><div class="messages">validateBanners this test case is started<br/>test case validateBanners is failed<br/>taking screenshot<br/>saving file at locationC:\Users\ADMIN\eclipse-workspace\.metadata\CoverFoxTest\screenshots\validateBanners20240810144559.jpg</div></td></tr><tr><th>Exception</th></tr><tr><td><div class="stacktrace">java.lang.AssertionError: null
	at coverFoxTestPackage.TestExecutionUsingTestNg1.validateBanners(TestExecutionUsingTestNg1.java:72)
	at java.base/java.util.ArrayList.forEach(ArrayList.java:1597)
... Removed 27 stack frames</div></td></tr></table><p class="totop"><a href="#summary">back to summary</a></p>
<h3 id="m1">coverFoxTestPackage.TestExecutionUsingTestNg1#validateSortFilter</h3><table class="result"><tr><th>Messages</th></tr><tr><td><div class="messages">validateSortFilter this test case is started<br/>validating sort button<br/>test case validateSortFilter is failed<br/>taking screenshot<br/>saving file at locationC:\Users\ADMIN\eclipse-workspace\.metadata\CoverFoxTest\screenshots\validateSortFilter20240810144601.jpg</div></td></tr><tr><th>Exception</th></tr><tr><td><div class="stacktrace">java.lang.AssertionError:  sort filter is not displayed , tc fails expected [true] but found [false]
	at coverFoxTestPackage.TestExecutionUsingTestNg1.validateSortFilter(TestExecutionUsingTestNg1.java:84)
	at java.base/java.util.ArrayList.forEach(ArrayList.java:1597)
... Removed 28 stack frames</div></td></tr></table><p class="totop"><a href="#summary">back to summary</a></p>
</body>
</html>
