<?xml version="1.0" encoding="UTF-8"?>
<testng-results ignored="0" total="2" passed="0" failed="2" skipped="0">
  <reporter-output>
    <line>
      <![CDATA[launching browser]]>
    </line>
    <line>
      <![CDATA[waiting.....]]>
    </line>
    <line>
      <![CDATA[clicking on next button]]>
    </line>
    <line>
      <![CDATA[clicking on next button]]>
    </line>
    <line>
      <![CDATA[reading data from excel file]]>
    </line>
    <line>
      <![CDATA[handling age dropdown]]>
    </line>
    <line>
      <![CDATA[clicking on next button]]>
    </line>
    <line>
      <![CDATA[reading data from excel file]]>
    </line>
    <line>
      <![CDATA[entering pincode]]>
    </line>
    <line>
      <![CDATA[reading data from excel file]]>
    </line>
    <line>
      <![CDATA[entering mobile no]]>
    </line>
    <line>
      <![CDATA[clicking on next button]]>
    </line>
    <line>
      <![CDATA[validateBanners this test case is started]]>
    </line>
    <line>
      <![CDATA[test case validateBanners is failed]]>
    </line>
    <line>
      <![CDATA[taking screenshot]]>
    </line>
    <line>
      <![CDATA[saving file at locationC:\Users\ADMIN\eclipse-workspace\.metadata\CoverFoxTest\screenshots\validateBanners20240810144559.jpg]]>
    </line>
    <line>
      <![CDATA[validateSortFilter this test case is started]]>
    </line>
    <line>
      <![CDATA[validating sort button]]>
    </line>
    <line>
      <![CDATA[test case validateSortFilter is failed]]>
    </line>
    <line>
      <![CDATA[taking screenshot]]>
    </line>
    <line>
      <![CDATA[saving file at locationC:\Users\ADMIN\eclipse-workspace\.metadata\CoverFoxTest\screenshots\validateSortFilter20240810144601.jpg]]>
    </line>
    <line>
      <![CDATA[closing browser]]>
    </line>
  </reporter-output>
  <suite started-at="2024-08-10T14:44:54 IST" name="Suite" finished-at="2024-08-10T14:46:13 IST" duration-ms="78318">
    <groups>
    </groups>
    <test started-at="2024-08-10T14:44:54 IST" name="Test" finished-at="2024-08-10T14:46:13 IST" duration-ms="78318">
      <class name="coverFoxTestPackage.TestExecutionUsingTestNg1">
        <test-method is-config="true" signature="launchBrowser()[pri:0, instance:coverFoxTestPackage.TestExecutionUsingTestNg1@15de0b3c]" started-at="2024-08-10T14:44:54 IST" name="launchBrowser" finished-at="2024-08-10T14:45:47 IST" duration-ms="52497" status="PASS">
          <reporter-output>
            <line>
              <![CDATA[launching browser]]>
            </line>
            <line>
              <![CDATA[waiting.....]]>
            </line>
          </reporter-output>
        </test-method> <!-- launchBrowser -->
        <test-method is-config="true" signature="preConditions()[pri:0, instance:coverFoxTestPackage.TestExecutionUsingTestNg1@15de0b3c]" started-at="2024-08-10T14:45:47 IST" name="preConditions" finished-at="2024-08-10T14:45:58 IST" duration-ms="10828" status="PASS">
          <reporter-output>
            <line>
              <![CDATA[clicking on next button]]>
            </line>
            <line>
              <![CDATA[clicking on next button]]>
            </line>
            <line>
              <![CDATA[reading data from excel file]]>
            </line>
            <line>
              <![CDATA[handling age dropdown]]>
            </line>
            <line>
              <![CDATA[clicking on next button]]>
            </line>
            <line>
              <![CDATA[reading data from excel file]]>
            </line>
            <line>
              <![CDATA[entering pincode]]>
            </line>
            <line>
              <![CDATA[reading data from excel file]]>
            </line>
            <line>
              <![CDATA[entering mobile no]]>
            </line>
            <line>
              <![CDATA[clicking on next button]]>
            </line>
          </reporter-output>
        </test-method> <!-- preConditions -->
        <test-method signature="validateBanners()[pri:0, instance:coverFoxTestPackage.TestExecutionUsingTestNg1@15de0b3c]" started-at="2024-08-10T14:45:58 IST" name="validateBanners" finished-at="2024-08-10T14:45:58 IST" duration-ms="61" status="FAIL">
          <exception class="java.lang.AssertionError">
            <message>
              <![CDATA[null]]>
            </message>
            <full-stacktrace>
              <![CDATA[java.lang.AssertionError: null
at org.testng.Assert.fail(Assert.java:111)
at org.testng.Assert.fail(Assert.java:116)
at coverFoxTestPackage.TestExecutionUsingTestNg1.validateBanners(TestExecutionUsingTestNg1.java:72)
at java.base/jdk.internal.reflect.DirectMethodHandleAccessor.invoke(DirectMethodHandleAccessor.java:103)
at java.base/java.lang.reflect.Method.invoke(Method.java:580)
at org.testng.internal.invokers.MethodInvocationHelper.invokeMethod(MethodInvocationHelper.java:141)
at org.testng.internal.invokers.TestInvoker.invokeMethod(TestInvoker.java:686)
at org.testng.internal.invokers.TestInvoker.invokeTestMethod(TestInvoker.java:230)
at org.testng.internal.invokers.MethodRunner.runInSequence(MethodRunner.java:63)
at org.testng.internal.invokers.TestInvoker$MethodInvocationAgent.invoke(TestInvoker.java:992)
at org.testng.internal.invokers.TestInvoker.invokeTestMethods(TestInvoker.java:203)
at org.testng.internal.invokers.TestMethodWorker.invokeTestMethods(TestMethodWorker.java:154)
at org.testng.internal.invokers.TestMethodWorker.run(TestMethodWorker.java:134)
at java.base/java.util.ArrayList.forEach(ArrayList.java:1597)
at org.testng.TestRunner.privateRun(TestRunner.java:739)
at org.testng.TestRunner.run(TestRunner.java:614)
at org.testng.SuiteRunner.runTest(SuiteRunner.java:421)
at org.testng.SuiteRunner.runSequentially(SuiteRunner.java:413)
at org.testng.SuiteRunner.privateRun(SuiteRunner.java:373)
at org.testng.SuiteRunner.run(SuiteRunner.java:312)
at org.testng.SuiteRunnerWorker.runSuite(SuiteRunnerWorker.java:52)
at org.testng.SuiteRunnerWorker.run(SuiteRunnerWorker.java:95)
at org.testng.TestNG.runSuitesSequentially(TestNG.java:1274)
at org.testng.TestNG.runSuitesLocally(TestNG.java:1208)
at org.testng.TestNG.runSuites(TestNG.java:1112)
at org.testng.TestNG.run(TestNG.java:1079)
at org.testng.remote.AbstractRemoteTestNG.run(AbstractRemoteTestNG.java:115)
at org.testng.remote.RemoteTestNG.initAndRun(RemoteTestNG.java:293)
at org.testng.remote.RemoteTestNG.main(RemoteTestNG.java:91)
]]>
            </full-stacktrace>
          </exception> <!-- java.lang.AssertionError -->
          <reporter-output>
            <line>
              <![CDATA[validateBanners this test case is started]]>
            </line>
            <line>
              <![CDATA[test case validateBanners is failed]]>
            </line>
            <line>
              <![CDATA[taking screenshot]]>
            </line>
            <line>
              <![CDATA[saving file at locationC:\Users\ADMIN\eclipse-workspace\.metadata\CoverFoxTest\screenshots\validateBanners20240810144559.jpg]]>
            </line>
          </reporter-output>
        </test-method> <!-- validateBanners -->
        <test-method signature="validateSortFilter()[pri:0, instance:coverFoxTestPackage.TestExecutionUsingTestNg1@15de0b3c]" started-at="2024-08-10T14:45:59 IST" name="validateSortFilter" finished-at="2024-08-10T14:46:01 IST" duration-ms="1664" status="FAIL">
          <exception class="java.lang.AssertionError">
            <message>
              <![CDATA[ sort filter is not displayed , tc fails expected [true] but found [false]]]>
            </message>
            <full-stacktrace>
              <![CDATA[java.lang.AssertionError:  sort filter is not displayed , tc fails expected [true] but found [false]
at org.testng.Assert.fail(Assert.java:111)
at org.testng.Assert.failNotEquals(Assert.java:1578)
at org.testng.Assert.assertTrue(Assert.java:57)
at coverFoxTestPackage.TestExecutionUsingTestNg1.validateSortFilter(TestExecutionUsingTestNg1.java:84)
at java.base/jdk.internal.reflect.DirectMethodHandleAccessor.invoke(DirectMethodHandleAccessor.java:103)
at java.base/java.lang.reflect.Method.invoke(Method.java:580)
at org.testng.internal.invokers.MethodInvocationHelper.invokeMethod(MethodInvocationHelper.java:141)
at org.testng.internal.invokers.TestInvoker.invokeMethod(TestInvoker.java:686)
at org.testng.internal.invokers.TestInvoker.invokeTestMethod(TestInvoker.java:230)
at org.testng.internal.invokers.MethodRunner.runInSequence(MethodRunner.java:63)
at org.testng.internal.invokers.TestInvoker$MethodInvocationAgent.invoke(TestInvoker.java:992)
at org.testng.internal.invokers.TestInvoker.invokeTestMethods(TestInvoker.java:203)
at org.testng.internal.invokers.TestMethodWorker.invokeTestMethods(TestMethodWorker.java:154)
at org.testng.internal.invokers.TestMethodWorker.run(TestMethodWorker.java:134)
at java.base/java.util.ArrayList.forEach(ArrayList.java:1597)
at org.testng.TestRunner.privateRun(TestRunner.java:739)
at org.testng.TestRunner.run(TestRunner.java:614)
at org.testng.SuiteRunner.runTest(SuiteRunner.java:421)
at org.testng.SuiteRunner.runSequentially(SuiteRunner.java:413)
at org.testng.SuiteRunner.privateRun(SuiteRunner.java:373)
at org.testng.SuiteRunner.run(SuiteRunner.java:312)
at org.testng.SuiteRunnerWorker.runSuite(SuiteRunnerWorker.java:52)
at org.testng.SuiteRunnerWorker.run(SuiteRunnerWorker.java:95)
at org.testng.TestNG.runSuitesSequentially(TestNG.java:1274)
at org.testng.TestNG.runSuitesLocally(TestNG.java:1208)
at org.testng.TestNG.runSuites(TestNG.java:1112)
at org.testng.TestNG.run(TestNG.java:1079)
at org.testng.remote.AbstractRemoteTestNG.run(AbstractRemoteTestNG.java:115)
at org.testng.remote.RemoteTestNG.initAndRun(RemoteTestNG.java:293)
at org.testng.remote.RemoteTestNG.main(RemoteTestNG.java:91)
]]>
            </full-stacktrace>
          </exception> <!-- java.lang.AssertionError -->
          <reporter-output>
            <line>
              <![CDATA[validateSortFilter this test case is started]]>
            </line>
            <line>
              <![CDATA[validating sort button]]>
            </line>
            <line>
              <![CDATA[test case validateSortFilter is failed]]>
            </line>
            <line>
              <![CDATA[taking screenshot]]>
            </line>
            <line>
              <![CDATA[saving file at locationC:\Users\ADMIN\eclipse-workspace\.metadata\CoverFoxTest\screenshots\validateSortFilter20240810144601.jpg]]>
            </line>
          </reporter-output>
        </test-method> <!-- validateSortFilter -->
        <test-method is-config="true" signature="closeBrowser()[pri:0, instance:coverFoxTestPackage.TestExecutionUsingTestNg1@15de0b3c]" started-at="2024-08-10T14:46:01 IST" name="closeBrowser" finished-at="2024-08-10T14:46:13 IST" duration-ms="11806" status="PASS">
          <reporter-output>
            <line>
              <![CDATA[closing browser]]>
            </line>
          </reporter-output>
        </test-method> <!-- closeBrowser -->
      </class> <!-- coverFoxTestPackage.TestExecutionUsingTestNg1 -->
    </test> <!-- Test -->
  </suite> <!-- Suite -->
</testng-results>
